11:C 10 Oct 2023 23:23:50.906 # oO0OoO0OoO0Oo Redis is starting oO0OoO0OoO0Oo
11:C 10 Oct 2023 23:23:50.907 # Redis version=7.0.12, bits=64, commit=00000000, modified=0, pid=11, just started
11:C 10 Oct 2023 23:23:50.908 # Configuration loaded
11:M 10 Oct 2023 23:23:50.913 # Server initialized
11:signal-handler (1696980713) Received SIGINT scheduling shutdown...
11:M 10 Oct 2023 23:31:53.840 # User requested shutdown...
11:M 10 Oct 2023 23:31:53.858 # Redis is now ready to exit, bye bye...
11:C 11 Oct 2023 17:45:31.858 # oO0OoO0OoO0Oo Redis is starting oO0OoO0OoO0Oo
11:C 11 Oct 2023 17:45:31.860 # Redis version=7.0.12, bits=64, commit=00000000, modified=0, pid=11, just started
11:C 11 Oct 2023 17:45:31.861 # Configuration loaded
11:M 11 Oct 2023 17:45:31.869 # Server initialized
11:signal-handler (1697046611) Received SIGINT scheduling shutdown...
11:M 11 Oct 2023 17:50:11.984 # User requested shutdown...
11:M 11 Oct 2023 17:50:12.021 # Redis is now ready to exit, bye bye...
10:C 11 Oct 2023 17:50:40.300 # oO0OoO0OoO0Oo Redis is starting oO0OoO0OoO0Oo
10:C 11 Oct 2023 17:50:40.302 # Redis version=7.0.12, bits=64, commit=00000000, modified=0, pid=10, just started
10:C 11 Oct 2023 17:50:40.305 # Configuration loaded
10:M 11 Oct 2023 17:50:40.316 # Server initialized
10:signal-handler (1697047232) Received SIGINT scheduling shutdown...
10:M 11 Oct 2023 18:00:32.355 # User requested shutdown...
11:C 12 Oct 2023 16:40:23.446 # oO0OoO0OoO0Oo Redis is starting oO0OoO0OoO0Oo
11:C 12 Oct 2023 16:40:23.447 # Redis version=7.0.12, bits=64, commit=00000000, modified=0, pid=11, just started
11:C 12 Oct 2023 16:40:23.448 # Configuration loaded
11:M 12 Oct 2023 16:40:23.470 # Server initialized
